0 info it worked if it ends with ok
1 verbose cli [ '/usr/local/bin/node', '/usr/local/bin/npm', 'run', 'dev' ]
2 info using npm@3.10.3
3 info using node@v6.7.0
4 verbose run-script [ 'predev', 'dev', 'postdev' ]
5 info lifecycle @~predev: @
6 silly lifecycle @~predev: no script for predev, continuing
7 info lifecycle @~dev: @
8 verbose lifecycle @~dev: unsafe-perm in lifecycle true
9 verbose lifecycle @~dev: PATH: /usr/local/lib/node_modules/npm/bin/node-gyp-bin:/Users/lacker/ai/js/site/node_modules/.bin:/usr/local/bin:/Library/Java/JavaVirtualMachines/jdk1.8.0_111.jdk/Contents/Home/bin:/usr/local/bin:/opt/facebook/bin:/usr/local/bin:/usr/bin:/bin:/usr/sbin:/sbin:/opt/homebrew/bin:/opt/facebook/nuclide/latest/nuclide/pkg/fb-biggrep-cli/bin:/opt/facebook/hg/bin:/usr/local/munki:/Users/lacker/ai/go/bin:/Users/lacker/Library/Android/sdk/tools:/Users/lacker/Library/Android/sdk/platform-tools:/Users/lacker/torch/bin
10 verbose lifecycle @~dev: CWD: /Users/lacker/ai/js/site
11 silly lifecycle @~dev: Args: [ '-c', 'next' ]
12 silly lifecycle @~dev: Returned: code: 1  signal: null
13 info lifecycle @~dev: Failed to exec dev script
14 verbose stack Error: @ dev: `next`
14 verbose stack Exit status 1
14 verbose stack     at EventEmitter.<anonymous> (/usr/local/lib/node_modules/npm/lib/utils/lifecycle.js:242:16)
14 verbose stack     at emitTwo (events.js:106:13)
14 verbose stack     at EventEmitter.emit (events.js:191:7)
14 verbose stack     at ChildProcess.<anonymous> (/usr/local/lib/node_modules/npm/lib/utils/spawn.js:40:14)
14 verbose stack     at emitTwo (events.js:106:13)
14 verbose stack     at ChildProcess.emit (events.js:191:7)
14 verbose stack     at maybeClose (internal/child_process.js:877:16)
14 verbose stack     at Process.ChildProcess._handle.onexit (internal/child_process.js:226:5)
15 verbose pkgid @
16 verbose cwd /Users/lacker/ai/js/site
17 error Darwin 16.1.0
18 error argv "/usr/local/bin/node" "/usr/local/bin/npm" "run" "dev"
19 error node v6.7.0
20 error npm  v3.10.3
21 error code ELIFECYCLE
22 error @ dev: `next`
22 error Exit status 1
23 error Failed at the @ dev script 'next'.
23 error Make sure you have the latest version of node.js and npm installed.
23 error If you do, this is most likely a problem with the  package,
23 error not with npm itself.
23 error Tell the author that this fails on your system:
23 error     next
23 error You can get information on how to open an issue for this project with:
23 error     npm bugs
23 error Or if that isn't available, you can get their info via:
23 error     npm owner ls
23 error There is likely additional logging output above.
24 verbose exit [ 1, true ]
